<?xml version="1.0" encoding="UTF-8"?>
<!-- Generated by org.testng.reporters.JUnitXMLReporter -->
<testsuite hostname="Daniel" ignored="0" name="Default test" tests="6" failures="0" timestamp="20 Aug 2019 02:57:32 GMT" time="31.266" errors="0">
  <testcase name="testCreateModule" time="0.031" classname="com.revature.servicestests.ModuleServiceTest"/>
  <testcase name="testDelete" time="0.0" classname="com.revature.servicestests.ModuleServiceTest"/>
  <testcase name="testGetAllModules" time="0.0" classname="com.revature.servicestests.ModuleServiceTest"/>
  <testcase name="testGetAverageByAllModules" time="0.0" classname="com.revature.servicestests.ModuleServiceTest"/>
  <testcase name="testGetAverageByModuleIds" time="0.0" classname="com.revature.servicestests.ModuleServiceTest"/>
  <testcase name="testGetModuleById" time="0.0" classname="com.revature.servicestests.ModuleServiceTest"/>
</testsuite> <!-- Default test -->
