<?xml version="1.0" encoding="UTF-8"?>
<!-- Generated by org.testng.reporters.JUnitXMLReporter -->
<testsuite hostname="Daniel" ignored="0" name="Default test" tests="6" failures="0" timestamp="20 Aug 2019 20:19:10 GMT" time="2.341" errors="0">
  <testcase name="filterContentByFormatTest" time="0.08" classname="com.revature.servicestests.SerachServiceTest"/>
  <testcase name="filterContentBySubjectsTest" time="0.172" classname="com.revature.servicestests.SerachServiceTest"/>
  <testcase name="filterContentByTitleTest" time="0.01" classname="com.revature.servicestests.SerachServiceTest"/>
  <testcase name="filterContentTest" time="0.01" classname="com.revature.servicestests.SerachServiceTest"/>
  <testcase name="filterTest" time="0.01" classname="com.revature.servicestests.SerachServiceTest"/>
  <testcase name="getContentByModuleIdTest" time="0.0" classname="com.revature.servicestests.SerachServiceTest"/>
</testsuite> <!-- Default test -->
