<?xml version="1.0" encoding="UTF-8"?>
<!-- Generated by org.testng.reporters.JUnitXMLReporter -->
<testsuite hostname="Daniel" ignored="0" name="AllTests" tests="103" failures="0" timestamp="20 Aug 2019 03:03:12 GMT" time="35.583" errors="0">
  <testcase name="testContent" time="0.015" classname="com.revature.entitiestests.ContentTest"/>
  <testcase name="testContentIntStringStringStringStringSetOfLinkLongLong" time="0.0" classname="com.revature.entitiestests.ContentTest"/>
  <testcase name="testEqualsObject" time="1.391" classname="com.revature.entitiestests.ContentTest"/>
  <testcase name="testGetDateCreated" time="0.016" classname="com.revature.entitiestests.ContentTest"/>
  <testcase name="testGetDescription" time="0.015" classname="com.revature.entitiestests.ContentTest"/>
  <testcase name="testGetFormat" time="0.016" classname="com.revature.entitiestests.ContentTest"/>
  <testcase name="testGetId" time="0.0" classname="com.revature.entitiestests.ContentTest"/>
  <testcase name="testGetLastModified" time="0.0" classname="com.revature.entitiestests.ContentTest"/>
  <testcase name="testGetLinks" time="0.0" classname="com.revature.entitiestests.ContentTest"/>
  <testcase name="testGetTitle" time="0.015" classname="com.revature.entitiestests.ContentTest"/>
  <testcase name="testGetUrl" time="0.0" classname="com.revature.entitiestests.ContentTest"/>
  <testcase name="testSetDateCreated" time="0.0" classname="com.revature.entitiestests.ContentTest"/>
  <testcase name="testSetDescription" time="0.0" classname="com.revature.entitiestests.ContentTest"/>
  <testcase name="testSetFormat" time="0.0" classname="com.revature.entitiestests.ContentTest"/>
  <testcase name="testSetId" time="0.0" classname="com.revature.entitiestests.ContentTest"/>
  <testcase name="testSetLastModified" time="0.016" classname="com.revature.entitiestests.ContentTest"/>
  <testcase name="testSetLinks" time="0.016" classname="com.revature.entitiestests.ContentTest"/>
  <testcase name="testSetTitle" time="0.0" classname="com.revature.entitiestests.ContentTest"/>
  <testcase name="testSetUrl" time="0.015" classname="com.revature.entitiestests.ContentTest"/>
  <testcase name="testToString" time="0.0" classname="com.revature.entitiestests.ContentTest"/>
  <testcase name="testEqualsObject" time="0.172" classname="com.revature.entitiestests.LinkTest"/>
  <testcase name="testGetAffiliation" time="0.0" classname="com.revature.entitiestests.LinkTest"/>
  <testcase name="testGetContentId" time="0.0" classname="com.revature.entitiestests.LinkTest"/>
  <testcase name="testGetId" time="0.0" classname="com.revature.entitiestests.LinkTest"/>
  <testcase name="testGetModuleId" time="0.0" classname="com.revature.entitiestests.LinkTest"/>
  <testcase name="testLink" time="0.0" classname="com.revature.entitiestests.LinkTest"/>
  <testcase name="testLinkIntIntIntString" time="0.0" classname="com.revature.entitiestests.LinkTest"/>
  <testcase name="testSetAffiliation" time="0.0" classname="com.revature.entitiestests.LinkTest"/>
  <testcase name="testSetContentId" time="0.0" classname="com.revature.entitiestests.LinkTest"/>
  <testcase name="testSetId" time="0.0" classname="com.revature.entitiestests.LinkTest"/>
  <testcase name="testSetModuleId" time="0.0" classname="com.revature.entitiestests.LinkTest"/>
  <testcase name="testToString" time="0.0" classname="com.revature.entitiestests.LinkTest"/>
  <testcase name="testEqualsObject" time="0.203" classname="com.revature.entitiestests.ModuleTest"/>
  <testcase name="testGetCreated" time="0.0" classname="com.revature.entitiestests.ModuleTest"/>
  <testcase name="testGetId" time="0.0" classname="com.revature.entitiestests.ModuleTest"/>
  <testcase name="testGetLinks" time="0.0" classname="com.revature.entitiestests.ModuleTest"/>
  <testcase name="testGetSubject" time="0.0" classname="com.revature.entitiestests.ModuleTest"/>
  <testcase name="testModule" time="0.0" classname="com.revature.entitiestests.ModuleTest"/>
  <testcase name="testModuleIntStringIntSetOfLink" time="0.0" classname="com.revature.entitiestests.ModuleTest"/>
  <testcase name="testSetCreated" time="0.0" classname="com.revature.entitiestests.ModuleTest"/>
  <testcase name="testSetId" time="0.0" classname="com.revature.entitiestests.ModuleTest"/>
  <testcase name="testSetLinks" time="0.0" classname="com.revature.entitiestests.ModuleTest"/>
  <testcase name="testSetSubject" time="0.0" classname="com.revature.entitiestests.ModuleTest"/>
  <testcase name="testToString" time="0.0" classname="com.revature.entitiestests.ModuleTest"/>
  <testcase name="deleteContent" time="0.11" classname="com.revature.controllertests.ContentControllerTest"/>
  <testcase name="getAllContents" time="0.078" classname="com.revature.controllertests.ContentControllerTest"/>
  <testcase name="getContentById" time="0.032" classname="com.revature.controllertests.ContentControllerTest"/>
  <testcase name="givenValidDataCreateContent" time="0.046" classname="com.revature.controllertests.ContentControllerTest"/>
  <testcase name="updateContent" time="0.0" classname="com.revature.controllertests.ContentControllerTest"/>
  <testcase name="deleteModule" time="0.0" classname="com.revature.controllertests.ModuleControllerTest"/>
  <testcase name="getAllModules" time="0.015" classname="com.revature.controllertests.ModuleControllerTest"/>
  <testcase name="getModuleById" time="0.0" classname="com.revature.controllertests.ModuleControllerTest"/>
  <testcase name="givenValidDataCreateModule" time="0.032" classname="com.revature.controllertests.ModuleControllerTest"/>
  <testcase name="givenInvalidSearchGetNoContent" time="0.016" classname="com.revature.controllertests.SearchControllerTest"/>
  <testcase name="givenValidSearchGetContent" time="0.046" classname="com.revature.controllertests.SearchControllerTest"/>
  <testcase name="testOne" time="0.016" classname="com.revature.loggingtest.LoggingTest"/>
  <testcase name="testGetTimeGraphData" time="0.016" classname="com.revature.servicestests.TimeGraphServiceTest"/>
  <testcase name="timeScaleInMarginOneVal" time="0.0" classname="com.revature.servicestests.TimeGraphServiceTest"/>
  <testcase name="testCreateContent" time="0.0" classname="com.revature.servicestests.ContentServiceTest"/>
  <testcase name="testGetAllContent" time="0.0" classname="com.revature.servicestests.ContentServiceTest"/>
  <testcase name="testGetAllContentMinusLinks" time="0.0" classname="com.revature.servicestests.ContentServiceTest"/>
  <testcase name="testGetContentById" time="0.0" classname="com.revature.servicestests.ContentServiceTest"/>
  <testcase name="testUpdateContent" time="0.015" classname="com.revature.servicestests.ContentServiceTest"/>
  <testcase name="testGetContentByFormatWithContents" time="0.0" classname="com.revature.servicestests.ContentServiceTest"/>
  <testcase name="testGetContentByFormatWithStrings" time="0.015" classname="com.revature.servicestests.ContentServiceTest"/>
  <testcase name="testCreateModule" time="0.0" classname="com.revature.servicestests.ModuleServiceTest"/>
  <testcase name="testDelete" time="0.0" classname="com.revature.servicestests.ModuleServiceTest"/>
  <testcase name="testGetAllModules" time="0.0" classname="com.revature.servicestests.ModuleServiceTest"/>
  <testcase name="testGetAverageByAllModules" time="0.0" classname="com.revature.servicestests.ModuleServiceTest"/>
  <testcase name="testGetAverageByModuleIds" time="0.0" classname="com.revature.servicestests.ModuleServiceTest"/>
  <testcase name="testGetModuleById" time="0.0" classname="com.revature.servicestests.ModuleServiceTest"/>
  <testcase name="filterByFormatTest" time="0.0" classname="com.revature.servicestests.SearchServiceTest"/>
  <testcase name="filterContentByTitleTest" time="0.0" classname="com.revature.servicestests.SearchServiceTest"/>
  <testcase name="testEqualsObject" time="0.438" classname="com.revature.utiltests.MetricsDataTest"/>
  <testcase name="testGetAvgResources" time="0.0" classname="com.revature.utiltests.MetricsDataTest"/>
  <testcase name="testGetCodeCount" time="0.0" classname="com.revature.utiltests.MetricsDataTest"/>
  <testcase name="testGetDocumentCount" time="0.0" classname="com.revature.utiltests.MetricsDataTest"/>
  <testcase name="testGetNumDiffModsCount" time="0.016" classname="com.revature.utiltests.MetricsDataTest"/>
  <testcase name="testGetPptCount" time="0.0" classname="com.revature.utiltests.MetricsDataTest"/>
  <testcase name="testGetTimeGraphData" time="0.0" classname="com.revature.utiltests.MetricsDataTest"/>
  <testcase name="testMetricsData" time="0.0" classname="com.revature.utiltests.MetricsDataTest"/>
  <testcase name="testMetricsDataIntIntIntIntDoubleTimeGraphData" time="0.0" classname="com.revature.utiltests.MetricsDataTest"/>
  <testcase name="testSetAvgResources" time="0.031" classname="com.revature.utiltests.MetricsDataTest"/>
  <testcase name="testSetCodeCount" time="0.0" classname="com.revature.utiltests.MetricsDataTest"/>
  <testcase name="testSetDocumentCount" time="0.0" classname="com.revature.utiltests.MetricsDataTest"/>
  <testcase name="testSetNumDiffModsCount" time="0.0" classname="com.revature.utiltests.MetricsDataTest"/>
  <testcase name="testSetPptCount" time="0.0" classname="com.revature.utiltests.MetricsDataTest"/>
  <testcase name="testSetTimeGraphData" time="0.0" classname="com.revature.utiltests.MetricsDataTest"/>
  <testcase name="testToString" time="0.0" classname="com.revature.utiltests.MetricsDataTest"/>
  <testcase name="testGetNumContents" time="0.015" classname="com.revature.utiltests.TimeGraphTest"/>
  <testcase name="testGetReturnedLongs" time="0.0" classname="com.revature.utiltests.TimeGraphTest"/>
  <testcase name="testSetNumContents" time="0.0" classname="com.revature.utiltests.TimeGraphTest"/>
  <testcase name="testSetReturnedLongs" time="0.0" classname="com.revature.utiltests.TimeGraphTest"/>
  <testcase name="testTimeGraphData" time="0.0" classname="com.revature.utiltests.TimeGraphTest"/>
  <testcase name="testTimeGraphDataListOfLongInt" time="0.0" classname="com.revature.utiltests.TimeGraphTest"/>
  <testcase name="testToString" time="0.0" classname="com.revature.utiltests.TimeGraphTest"/>
  <testcase name="testContentWrapper" time="0.0" classname="com.revature.utiltests.ContentWrapperTest"/>
  <testcase name="testContentWrapperContentLinkArray" time="0.0" classname="com.revature.utiltests.ContentWrapperTest"/>
  <testcase name="testGetContent" time="0.0" classname="com.revature.utiltests.ContentWrapperTest"/>
  <testcase name="testGetLinks" time="0.0" classname="com.revature.utiltests.ContentWrapperTest"/>
  <testcase name="testSetContent" time="0.0" classname="com.revature.utiltests.ContentWrapperTest"/>
  <testcase name="testSetLinks" time="0.0" classname="com.revature.utiltests.ContentWrapperTest"/>
  <testcase name="testToString" time="0.0" classname="com.revature.utiltests.ContentWrapperTest"/>
</testsuite> <!-- AllTests -->
