<?xml version="1.0" encoding="UTF-8"?>
<testng-results skipped="0" failed="0" ignored="0" total="6" passed="6">
  <reporter-output>
  </reporter-output>
  <suite name="Default suite" duration-ms="28136" started-at="2019-08-20T14:28:03Z" finished-at="2019-08-20T14:28:31Z">
    <groups>
    </groups>
    <test name="Default test" duration-ms="28136" started-at="2019-08-20T14:28:03Z" finished-at="2019-08-20T14:28:31Z">
      <class name="com.revature.servicestests.ModuleServiceTest">
        <test-method status="PASS" signature="testSetup()[pri:0, instance:com.revature.servicestests.ModuleServiceTest@b86de0d]" name="testSetup" is-config="true" duration-ms="32" started-at="2019-08-20T14:28:03Z" finished-at="2019-08-20T14:28:03Z">
          <reporter-output>
          </reporter-output>
        </test-method> <!-- testSetup -->
        <test-method status="PASS" signature="springTestContextBeforeTestClass()[pri:0, instance:com.revature.servicestests.ModuleServiceTest@b86de0d]" name="springTestContextBeforeTestClass" is-config="true" duration-ms="15" started-at="2019-08-20T14:28:03Z" finished-at="2019-08-20T14:28:03Z">
          <reporter-output>
          </reporter-output>
        </test-method> <!-- springTestContextBeforeTestClass -->
        <test-method status="PASS" signature="springTestContextPrepareTestInstance()[pri:0, instance:com.revature.servicestests.ModuleServiceTest@b86de0d]" name="springTestContextPrepareTestInstance" is-config="true" duration-ms="26687" started-at="2019-08-20T14:28:03Z" depends-on-methods="org.springframework.test.context.testng.AbstractTestNGSpringContextTests.springTestContextBeforeTestClass" finished-at="2019-08-20T14:28:30Z">
          <reporter-output>
          </reporter-output>
        </test-method> <!-- springTestContextPrepareTestInstance -->
        <test-method status="PASS" signature="setup()[pri:0, instance:com.revature.servicestests.ModuleServiceTest@b86de0d]" name="setup" is-config="true" duration-ms="1269" started-at="2019-08-20T14:28:30Z" finished-at="2019-08-20T14:28:31Z">
          <reporter-output>
          </reporter-output>
        </test-method> <!-- setup -->
        <test-method status="PASS" signature="springTestContextBeforeTestMethod(java.lang.reflect.Method)[pri:0, instance:com.revature.servicestests.ModuleServiceTest@b86de0d]" name="springTestContextBeforeTestMethod" is-config="true" duration-ms="10" started-at="2019-08-20T14:28:31Z" finished-at="2019-08-20T14:28:31Z">
          <params>
            <param index="0">
              <value>
                <![CDATA[void com.revature.servicestests.ModuleServiceTest.testCreateModule()]]>
              </value>
            </param>
          </params>
          <reporter-output>
          </reporter-output>
        </test-method> <!-- springTestContextBeforeTestMethod -->
        <test-method status="PASS" signature="testCreateModule()[pri:0, instance:com.revature.servicestests.ModuleServiceTest@b86de0d]" name="testCreateModule" duration-ms="41" started-at="2019-08-20T14:28:31Z" finished-at="2019-08-20T14:28:31Z">
          <reporter-output>
          </reporter-output>
        </test-method> <!-- testCreateModule -->
        <test-method status="PASS" signature="springTestContextBeforeTestMethod(java.lang.reflect.Method)[pri:0, instance:com.revature.servicestests.ModuleServiceTest@b86de0d]" name="springTestContextBeforeTestMethod" is-config="true" duration-ms="8" started-at="2019-08-20T14:28:31Z" finished-at="2019-08-20T14:28:31Z">
          <params>
            <param index="0">
              <value>
                <![CDATA[void com.revature.servicestests.ModuleServiceTest.testDelete()]]>
              </value>
            </param>
          </params>
          <reporter-output>
          </reporter-output>
        </test-method> <!-- springTestContextBeforeTestMethod -->
        <test-method status="PASS" signature="springTestContextAfterTestMethod(java.lang.reflect.Method)[pri:0, instance:com.revature.servicestests.ModuleServiceTest@b86de0d]" name="springTestContextAfterTestMethod" is-config="true" duration-ms="0" started-at="2019-08-20T14:28:31Z" finished-at="2019-08-20T14:28:31Z">
          <params>
            <param index="0">
              <value>
                <![CDATA[void com.revature.servicestests.ModuleServiceTest.testCreateModule()]]>
              </value>
            </param>
          </params>
          <reporter-output>
          </reporter-output>
        </test-method> <!-- springTestContextAfterTestMethod -->
        <test-method status="PASS" signature="testDelete()[pri:0, instance:com.revature.servicestests.ModuleServiceTest@b86de0d]" name="testDelete" duration-ms="2" started-at="2019-08-20T14:28:31Z" finished-at="2019-08-20T14:28:31Z">
          <reporter-output>
          </reporter-output>
        </test-method> <!-- testDelete -->
        <test-method status="PASS" signature="springTestContextBeforeTestMethod(java.lang.reflect.Method)[pri:0, instance:com.revature.servicestests.ModuleServiceTest@b86de0d]" name="springTestContextBeforeTestMethod" is-config="true" duration-ms="2" started-at="2019-08-20T14:28:31Z" finished-at="2019-08-20T14:28:31Z">
          <params>
            <param index="0">
              <value>
                <![CDATA[void com.revature.servicestests.ModuleServiceTest.testGetAllModules()]]>
              </value>
            </param>
          </params>
          <reporter-output>
          </reporter-output>
        </test-method> <!-- springTestContextBeforeTestMethod -->
        <test-method status="PASS" signature="springTestContextAfterTestMethod(java.lang.reflect.Method)[pri:0, instance:com.revature.servicestests.ModuleServiceTest@b86de0d]" name="springTestContextAfterTestMethod" is-config="true" duration-ms="0" started-at="2019-08-20T14:28:31Z" finished-at="2019-08-20T14:28:31Z">
          <params>
            <param index="0">
              <value>
                <![CDATA[void com.revature.servicestests.ModuleServiceTest.testDelete()]]>
              </value>
            </param>
          </params>
          <reporter-output>
          </reporter-output>
        </test-method> <!-- springTestContextAfterTestMethod -->
        <test-method status="PASS" signature="testGetAllModules()[pri:0, instance:com.revature.servicestests.ModuleServiceTest@b86de0d]" name="testGetAllModules" duration-ms="0" started-at="2019-08-20T14:28:31Z" finished-at="2019-08-20T14:28:31Z">
          <reporter-output>
          </reporter-output>
        </test-method> <!-- testGetAllModules -->
        <test-method status="PASS" signature="springTestContextAfterTestMethod(java.lang.reflect.Method)[pri:0, instance:com.revature.servicestests.ModuleServiceTest@b86de0d]" name="springTestContextAfterTestMethod" is-config="true" duration-ms="2" started-at="2019-08-20T14:28:31Z" finished-at="2019-08-20T14:28:31Z">
          <params>
            <param index="0">
              <value>
                <![CDATA[void com.revature.servicestests.ModuleServiceTest.testGetAllModules()]]>
              </value>
            </param>
          </params>
          <reporter-output>
          </reporter-output>
        </test-method> <!-- springTestContextAfterTestMethod -->
        <test-method status="PASS" signature="springTestContextBeforeTestMethod(java.lang.reflect.Method)[pri:0, instance:com.revature.servicestests.ModuleServiceTest@b86de0d]" name="springTestContextBeforeTestMethod" is-config="true" duration-ms="0" started-at="2019-08-20T14:28:31Z" finished-at="2019-08-20T14:28:31Z">
          <params>
            <param index="0">
              <value>
                <![CDATA[void com.revature.servicestests.ModuleServiceTest.testGetAverageByAllModules()]]>
              </value>
            </param>
          </params>
          <reporter-output>
          </reporter-output>
        </test-method> <!-- springTestContextBeforeTestMethod -->
        <test-method status="PASS" signature="springTestContextAfterTestMethod(java.lang.reflect.Method)[pri:0, instance:com.revature.servicestests.ModuleServiceTest@b86de0d]" name="springTestContextAfterTestMethod" is-config="true" duration-ms="0" started-at="2019-08-20T14:28:31Z" finished-at="2019-08-20T14:28:31Z">
          <params>
            <param index="0">
              <value>
                <![CDATA[void com.revature.servicestests.ModuleServiceTest.testGetAverageByAllModules()]]>
              </value>
            </param>
          </params>
          <reporter-output>
          </reporter-output>
        </test-method> <!-- springTestContextAfterTestMethod -->
        <test-method status="PASS" signature="testGetAverageByAllModules()[pri:0, instance:com.revature.servicestests.ModuleServiceTest@b86de0d]" name="testGetAverageByAllModules" duration-ms="0" started-at="2019-08-20T14:28:31Z" finished-at="2019-08-20T14:28:31Z">
          <reporter-output>
          </reporter-output>
        </test-method> <!-- testGetAverageByAllModules -->
        <test-method status="PASS" signature="springTestContextBeforeTestMethod(java.lang.reflect.Method)[pri:0, instance:com.revature.servicestests.ModuleServiceTest@b86de0d]" name="springTestContextBeforeTestMethod" is-config="true" duration-ms="8" started-at="2019-08-20T14:28:31Z" finished-at="2019-08-20T14:28:31Z">
          <params>
            <param index="0">
              <value>
                <![CDATA[void com.revature.servicestests.ModuleServiceTest.testGetAverageByModuleIds()]]>
              </value>
            </param>
          </params>
          <reporter-output>
          </reporter-output>
        </test-method> <!-- springTestContextBeforeTestMethod -->
        <test-method status="PASS" signature="testGetAverageByModuleIds()[pri:0, instance:com.revature.servicestests.ModuleServiceTest@b86de0d]" name="testGetAverageByModuleIds" duration-ms="10" started-at="2019-08-20T14:28:31Z" finished-at="2019-08-20T14:28:31Z">
          <reporter-output>
          </reporter-output>
        </test-method> <!-- testGetAverageByModuleIds -->
        <test-method status="PASS" signature="springTestContextBeforeTestMethod(java.lang.reflect.Method)[pri:0, instance:com.revature.servicestests.ModuleServiceTest@b86de0d]" name="springTestContextBeforeTestMethod" is-config="true" duration-ms="10" started-at="2019-08-20T14:28:31Z" finished-at="2019-08-20T14:28:31Z">
          <params>
            <param index="0">
              <value>
                <![CDATA[void com.revature.servicestests.ModuleServiceTest.testGetModuleById()]]>
              </value>
            </param>
          </params>
          <reporter-output>
          </reporter-output>
        </test-method> <!-- springTestContextBeforeTestMethod -->
        <test-method status="PASS" signature="springTestContextAfterTestMethod(java.lang.reflect.Method)[pri:0, instance:com.revature.servicestests.ModuleServiceTest@b86de0d]" name="springTestContextAfterTestMethod" is-config="true" duration-ms="0" started-at="2019-08-20T14:28:31Z" finished-at="2019-08-20T14:28:31Z">
          <params>
            <param index="0">
              <value>
                <![CDATA[void com.revature.servicestests.ModuleServiceTest.testGetAverageByModuleIds()]]>
              </value>
            </param>
          </params>
          <reporter-output>
          </reporter-output>
        </test-method> <!-- springTestContextAfterTestMethod -->
        <test-method status="PASS" signature="testGetModuleById()[pri:0, instance:com.revature.servicestests.ModuleServiceTest@b86de0d]" name="testGetModuleById" duration-ms="0" started-at="2019-08-20T14:28:31Z" finished-at="2019-08-20T14:28:31Z">
          <reporter-output>
          </reporter-output>
        </test-method> <!-- testGetModuleById -->
        <test-method status="PASS" signature="springTestContextAfterTestClass()[pri:0, instance:com.revature.servicestests.ModuleServiceTest@b86de0d]" name="springTestContextAfterTestClass" is-config="true" duration-ms="0" started-at="2019-08-20T14:28:31Z" finished-at="2019-08-20T14:28:31Z">
          <reporter-output>
          </reporter-output>
        </test-method> <!-- springTestContextAfterTestClass -->
        <test-method status="PASS" signature="springTestContextAfterTestMethod(java.lang.reflect.Method)[pri:0, instance:com.revature.servicestests.ModuleServiceTest@b86de0d]" name="springTestContextAfterTestMethod" is-config="true" duration-ms="0" started-at="2019-08-20T14:28:31Z" finished-at="2019-08-20T14:28:31Z">
          <params>
            <param index="0">
              <value>
                <![CDATA[void com.revature.servicestests.ModuleServiceTest.testGetModuleById()]]>
              </value>
            </param>
          </params>
          <reporter-output>
          </reporter-output>
        </test-method> <!-- springTestContextAfterTestMethod -->
        <test-method status="PASS" signature="teardown()[pri:0, instance:com.revature.servicestests.ModuleServiceTest@b86de0d]" name="teardown" is-config="true" duration-ms="0" started-at="2019-08-20T14:28:31Z" finished-at="2019-08-20T14:28:31Z">
          <reporter-output>
          </reporter-output>
        </test-method> <!-- teardown -->
      </class> <!-- com.revature.servicestests.ModuleServiceTest -->
    </test> <!-- Default test -->
  </suite> <!-- Default suite -->
</testng-results>
